[debug] [2024-08-13T10:42:31.154Z] : 
[debug] [2024-08-13T10:42:31.155Z] : ----------------------------------------------------------------------
[debug] [2024-08-13T10:42:31.155Z] : Command:      C:\laragon\bin\nodejs\node-v18\node.exe C:\laragon\bin\nodejs\node-v18\node_modules\zcatalyst-cli\lib\bin\catalyst.js serve
[debug] [2024-08-13T10:42:31.155Z] : CLI Version:  1.17.6
[debug] [2024-08-13T10:42:31.155Z] : Platform:     win32
[debug] [2024-08-13T10:42:31.155Z] : Node Version: v18.8.0
[debug] [2024-08-13T10:42:31.156Z] : Time:         Tue Aug 13 2024 17:42:31 GMT+0700 (Indochina Time)
[debug] [2024-08-13T10:42:31.156Z] : ----------------------------------------------------------------------
[debug] [2024-08-13T10:42:31.156Z] : 
[debug] [2024-08-13T10:42:40.303Z] : > authorizing via signed-in user option
[debug] [2024-08-13T10:42:40.304Z] : > command requires scopes: ["ZohoCatalyst.projects.ALL","ZohoCatalyst.functions.ALL","ZohoCatalyst.functions.EXECUTE","ZohoCatalyst.webapp.ALL","ZohoCatalyst.pdfshot.execute","ZohoCatalyst.authentication.CREATE"]
[debug] [2024-08-13T10:42:40.320Z] : >>>> HTTP REQUEST : GET https://api.catalyst.zoho.com/baas/v1/project/23219000000012009 

[debug] [2024-08-13T10:42:40.924Z] : <<<< HTTP RESPONSE : 200
Response Headers: {"server":"ZGS","date":"Tue, 13 Aug 2024 10:42:40 GMT","content-type":"application/vnd.catalyst.v2+json","transfer-encoding":"chunked","connection":"close","set-cookie":["zalb_46512fd555=4ead9897700827f973c0f7dbded7f673; Path=/","ZD_CSRF_TOKEN=be4b70f8-3b72-4892-8029-8eed48880241;path=/;SameSite=None;Secure;priority=high","_zcsr_tmp=be4b70f8-3b72-4892-8029-8eed48880241;path=/;SameSite=Strict;Secure;priority=high"],"x-content-type-options":"nosniff","x-xss-protection":"1","cache-control":"private,no-cache,no-store,max-age=0,must-revalidate","pragma":"no-cache","expires":"Thu, 01 Jan 1970 00:00:00 GMT","x-frame-options":"DENY","strict-transport-security":"max-age=63072000"}

[debug] [2024-08-13T10:42:40.931Z] : >>>> HTTP REQUEST : GET https://api.catalyst.zoho.com/baas/v1/project/23219000000012009/environment 

[debug] [2024-08-13T10:42:41.536Z] : <<<< HTTP RESPONSE : 200
Response Headers: {"server":"ZGS","date":"Tue, 13 Aug 2024 10:42:41 GMT","content-type":"application/vnd.catalyst.v2+json","transfer-encoding":"chunked","connection":"close","set-cookie":["zalb_46512fd555=63dd9cf89a6678b816d9580ec827ee61; Path=/","ZD_CSRF_TOKEN=6dbd4933-b11c-4557-9d56-e2149a5efc99;path=/;SameSite=None;Secure;priority=high","_zcsr_tmp=6dbd4933-b11c-4557-9d56-e2149a5efc99;path=/;SameSite=Strict;Secure;priority=high"],"x-content-type-options":"nosniff","x-xss-protection":"1","cache-control":"private,no-cache,no-store,max-age=0,must-revalidate","pragma":"no-cache","expires":"Thu, 01 Jan 1970 00:00:00 GMT","x-frame-options":"DENY","strict-transport-security":"max-age=63072000"}

[debug] [2024-08-13T10:42:44.104Z] : >>>> HTTP REQUEST : GET https://api.catalyst.zoho.com/baas/v1/project/23219000000012009/function 
Query params: {"type":"basicio,event,cron,applogic,integration,browser_logic"}

[debug] [2024-08-13T10:42:44.765Z] : <<<< HTTP RESPONSE : 200
Response Headers: {"server":"ZGS","date":"Tue, 13 Aug 2024 10:42:44 GMT","content-type":"application/vnd.catalyst.v2+json","transfer-encoding":"chunked","connection":"close","set-cookie":["zalb_46512fd555=c3d5ec374d3dc932973a3d50f55d8d00; Path=/","ZD_CSRF_TOKEN=f6ce0e45-02a6-441c-bdf4-01594bc9335c;path=/;SameSite=None;Secure;priority=high","_zcsr_tmp=f6ce0e45-02a6-441c-bdf4-01594bc9335c;path=/;SameSite=Strict;Secure;priority=high"],"x-content-type-options":"nosniff","x-xss-protection":"1","cache-control":"private,no-cache,no-store,max-age=0,must-revalidate","pragma":"no-cache","expires":"Thu, 01 Jan 1970 00:00:00 GMT","x-frame-options":"DENY","strict-transport-security":"max-age=63072000"}

[debug] [2024-08-13T10:42:44.771Z] : unknown eol undefined hence skipping check
[info] [2024-08-13T10:43:07.735Z] : [react-plugin]: Starting the development server...

[info] [2024-08-13T10:43:07.736Z] : 
[info] [2024-08-13T10:43:07.737Z] : i Client[react-app]: Plugin : "zcatalyst-cli-plugin-react" is used for client serve
[info] [2024-08-13T10:43:07.737Z] : 
[info] [2024-08-13T10:43:13.460Z] : 
[info] [2024-08-13T10:43:13.461Z] :  >>>>>>>>>>>>> AdvancedIO <<<<<<<<<<<< 
[info] [2024-08-13T10:43:13.462Z] : i todo_list_advanced_function: http://localhost:3000/server/todo_list_advanced_function/
[info] [2024-08-13T10:43:13.462Z] : 
[info] [2024-08-13T10:43:13.462Z] : 
[info] [2024-08-13T10:43:13.462Z] :  >>>>>>>>>>>>> Web Client <<<<<<<<<<<<
[info] [2024-08-13T10:43:13.462Z] : i client[react-app]: http://localhost:3000/app/
[info] [2024-08-13T10:43:13.463Z] : 
[info] [2024-08-13T10:43:28.535Z] : [react-plugin]: Compiled successfully!
[info] [2024-08-13T10:43:28.535Z] : [react-plugin]: 
[info] [2024-08-13T10:43:28.535Z] : [react-plugin]: You can now view react-app in the browser.
[info] [2024-08-13T10:43:28.535Z] : [react-plugin]: 
[info] [2024-08-13T10:43:28.536Z] : [react-plugin]:   Local:            http://localhost:3000/app/
[info] [2024-08-13T10:43:28.537Z] : [react-plugin]:   On Your Network:  http://192.168.17.35:3000/app/
[info] [2024-08-13T10:43:28.537Z] : [react-plugin]: 
[info] [2024-08-13T10:43:28.537Z] : [react-plugin]: Note that the development build is not optimized.
[info] [2024-08-13T10:43:28.537Z] : [react-plugin]: To create a production build, use npm run build.
[info] [2024-08-13T10:43:28.538Z] : [react-plugin]: 
[info] [2024-08-13T10:44:05.157Z] : 
change of package-lock.json in todo_list_advanced_function detected. Preparing your function, please wait...
[info] [2024-08-13T10:44:08.023Z] : i AdvancedIO[todo_list_advanced_function]: ready!
[info] [2024-08-13T10:44:08.025Z] : i AdvancedIO[todo_list_advanced_function]: http://localhost:3000/server/todo_list_advanced_function/
[info] [2024-08-13T10:45:13.544Z] : 
change of index.js in todo_list_advanced_function detected. Preparing your function, please wait...
[info] [2024-08-13T10:45:16.556Z] : i AdvancedIO[todo_list_advanced_function]: ready!
[info] [2024-08-13T10:45:16.557Z] : i AdvancedIO[todo_list_advanced_function]: http://localhost:3000/server/todo_list_advanced_function/
[info] [2024-08-13T10:45:17.567Z] : 
change of index.js in todo_list_advanced_function detected. Preparing your function, please wait...
[info] [2024-08-13T10:45:20.423Z] : i AdvancedIO[todo_list_advanced_function]: ready!
[info] [2024-08-13T10:45:20.424Z] : i AdvancedIO[todo_list_advanced_function]: http://localhost:3000/server/todo_list_advanced_function/
[info] [2024-08-13T10:52:18.243Z] : [react-plugin]: Compiling...
[info] [2024-08-13T10:52:18.937Z] : [react-plugin]: Compiled successfully!
[info] [2024-08-13T10:52:18.937Z] : [react-plugin]: 
[info] [2024-08-13T10:52:18.938Z] : [react-plugin]: You can now view react-app in the browser.
[info] [2024-08-13T10:52:18.938Z] : [react-plugin]: 
[info] [2024-08-13T10:52:18.939Z] : [react-plugin]:   Local:            http://localhost:3000/app/
[info] [2024-08-13T10:52:18.941Z] : [react-plugin]:   On Your Network:  http://192.168.17.35:3000/app/
[info] [2024-08-13T10:52:18.942Z] : [react-plugin]: 
[info] [2024-08-13T10:52:18.942Z] : [react-plugin]: Note that the development build is not optimized.
[info] [2024-08-13T10:52:18.943Z] : [react-plugin]: To create a production build, use npm run build.
[info] [2024-08-13T10:52:18.943Z] : [react-plugin]: 
[info] [2024-08-13T10:54:11.033Z] : [react-plugin]: Compiling...
[info] [2024-08-13T10:54:11.221Z] : [react-plugin]: Compiled successfully!
[info] [2024-08-13T10:54:11.222Z] : [react-plugin]: 
[info] [2024-08-13T10:54:11.229Z] : [react-plugin]: You can now view react-app in the browser.
[info] [2024-08-13T10:54:11.235Z] : [react-plugin]: 
[info] [2024-08-13T10:54:11.237Z] : [react-plugin]:   Local:            http://localhost:3000/app/
[info] [2024-08-13T10:54:11.241Z] : [react-plugin]:   On Your Network:  http://192.168.17.35:3000/app/
[info] [2024-08-13T10:54:11.249Z] : [react-plugin]: 
[info] [2024-08-13T10:54:11.251Z] : [react-plugin]: Note that the development build is not optimized.
[info] [2024-08-13T10:54:11.253Z] : [react-plugin]: To create a production build, use npm run build.
[info] [2024-08-13T10:54:11.256Z] : [react-plugin]: 
[info] [2024-08-13T10:54:11.328Z] : [react-plugin]: Compiling...
[info] [2024-08-13T10:54:11.372Z] : [react-plugin]: Files successfully emitted, waiting for typecheck results...
[info] [2024-08-13T10:54:11.450Z] : [react-plugin]: Compiled successfully!
[info] [2024-08-13T10:54:11.450Z] : [react-plugin]: 
[info] [2024-08-13T10:54:11.451Z] : [react-plugin]: You can now view react-app in the browser.
[info] [2024-08-13T10:54:11.451Z] : [react-plugin]: 
[info] [2024-08-13T10:54:11.452Z] : [react-plugin]:   Local:            http://localhost:3000/app/
[info] [2024-08-13T10:54:11.453Z] : [react-plugin]:   On Your Network:  http://192.168.17.35:3000/app/
[info] [2024-08-13T10:54:11.453Z] : [react-plugin]: 
[info] [2024-08-13T10:54:11.454Z] : [react-plugin]: Note that the development build is not optimized.
[info] [2024-08-13T10:54:11.454Z] : [react-plugin]: To create a production build, use npm run build.
[info] [2024-08-13T10:54:11.454Z] : [react-plugin]: 
[info] [2024-08-13T10:54:11.485Z] : [react-plugin]: Compiling...
[info] [2024-08-13T10:54:11.557Z] : [react-plugin]: Files successfully emitted, waiting for typecheck results...
[info] [2024-08-13T10:54:11.637Z] : [react-plugin]: Compiled successfully!
[info] [2024-08-13T10:54:11.638Z] : [react-plugin]: 
[info] [2024-08-13T10:54:11.641Z] : [react-plugin]: You can now view react-app in the browser.
[info] [2024-08-13T10:54:11.643Z] : [react-plugin]: 
[info] [2024-08-13T10:54:11.650Z] : [react-plugin]:   Local:            http://localhost:3000/app/
[info] [2024-08-13T10:54:11.651Z] : [react-plugin]:   On Your Network:  http://192.168.17.35:3000/app/
[info] [2024-08-13T10:54:11.652Z] : [react-plugin]: 
[info] [2024-08-13T10:54:11.652Z] : [react-plugin]: Note that the development build is not optimized.
[info] [2024-08-13T10:54:11.653Z] : [react-plugin]: To create a production build, use npm run build.
[info] [2024-08-13T10:54:11.653Z] : [react-plugin]: 
[info] [2024-08-13T10:54:11.763Z] : [react-plugin]: Files successfully emitted, waiting for typecheck results...
[info] [2024-08-13T10:54:55.729Z] : [react-plugin]: Compiled successfully!
[info] [2024-08-13T10:54:55.729Z] : [react-plugin]: 
[info] [2024-08-13T10:54:55.730Z] : [react-plugin]: You can now view react-app in the browser.
[info] [2024-08-13T10:54:55.730Z] : [react-plugin]: 
[info] [2024-08-13T10:54:55.731Z] : [react-plugin]:   Local:            http://localhost:3000/app/
[info] [2024-08-13T10:54:55.732Z] : [react-plugin]:   On Your Network:  http://192.168.17.35:3000/app/
[info] [2024-08-13T10:54:55.732Z] : [react-plugin]: 
[info] [2024-08-13T10:54:55.732Z] : [react-plugin]: Note that the development build is not optimized.
[info] [2024-08-13T10:54:55.733Z] : [react-plugin]: To create a production build, use npm run build.
[info] [2024-08-13T10:54:55.733Z] : [react-plugin]: 
[info] [2024-08-13T10:54:55.858Z] : [react-plugin]: Files successfully emitted, waiting for typecheck results...
[info] [2024-08-13T10:54:55.875Z] : [react-plugin]: Compiled successfully!
[info] [2024-08-13T10:54:55.876Z] : [react-plugin]: 
[info] [2024-08-13T10:54:55.877Z] : [react-plugin]: You can now view react-app in the browser.
[info] [2024-08-13T10:54:55.878Z] : [react-plugin]: 
[info] [2024-08-13T10:54:55.878Z] : [react-plugin]:   Local:            http://localhost:3000/app/
[info] [2024-08-13T10:54:55.879Z] : [react-plugin]:   On Your Network:  http://192.168.17.35:3000/app/
[info] [2024-08-13T10:54:55.879Z] : [react-plugin]: 
[info] [2024-08-13T10:54:55.879Z] : [react-plugin]: Note that the development build is not optimized.
[info] [2024-08-13T10:54:55.880Z] : [react-plugin]: To create a production build, use npm run build.
[info] [2024-08-13T10:54:55.880Z] : [react-plugin]: 
[info] [2024-08-13T10:54:55.982Z] : [react-plugin]: Files successfully emitted, waiting for typecheck results...
[info] [2024-08-13T10:54:56.112Z] : [react-plugin]: Compiled successfully!
[info] [2024-08-13T10:54:56.113Z] : [react-plugin]: 
[info] [2024-08-13T10:54:56.113Z] : [react-plugin]: You can now view react-app in the browser.
[info] [2024-08-13T10:54:56.114Z] : [react-plugin]: 
[info] [2024-08-13T10:54:56.115Z] : [react-plugin]:   Local:            http://localhost:3000/app/
[info] [2024-08-13T10:54:56.115Z] : [react-plugin]:   On Your Network:  http://192.168.17.35:3000/app/
[info] [2024-08-13T10:54:56.116Z] : [react-plugin]: 
[info] [2024-08-13T10:54:56.116Z] : [react-plugin]: Note that the development build is not optimized.
[info] [2024-08-13T10:54:56.117Z] : [react-plugin]: To create a production build, use npm run build.
[info] [2024-08-13T10:54:56.117Z] : [react-plugin]: 
[info] [2024-08-13T10:54:56.241Z] : [react-plugin]: Files successfully emitted, waiting for typecheck results...
[info] [2024-08-13T10:54:56.246Z] : [react-plugin]: Compiled successfully!
[info] [2024-08-13T10:54:56.247Z] : [react-plugin]: 
[info] [2024-08-13T10:54:56.247Z] : [react-plugin]: You can now view react-app in the browser.
[info] [2024-08-13T10:54:56.248Z] : [react-plugin]: 
[info] [2024-08-13T10:54:56.248Z] : [react-plugin]:   Local:            http://localhost:3000/app/
[info] [2024-08-13T10:54:56.249Z] : [react-plugin]:   On Your Network:  http://192.168.17.35:3000/app/
[info] [2024-08-13T10:54:56.249Z] : [react-plugin]: 
[info] [2024-08-13T10:54:56.249Z] : [react-plugin]: Note that the development build is not optimized.
[info] [2024-08-13T10:54:56.250Z] : [react-plugin]: To create a production build, use npm run build.
[info] [2024-08-13T10:54:56.250Z] : [react-plugin]: 
[info] [2024-08-13T10:54:56.372Z] : [react-plugin]: Files successfully emitted, waiting for typecheck results...
[info] [2024-08-13T10:54:56.375Z] : [react-plugin]: Compiled successfully!
[info] [2024-08-13T10:54:56.376Z] : [react-plugin]: 
[info] [2024-08-13T10:54:56.377Z] : [react-plugin]: You can now view react-app in the browser.
[info] [2024-08-13T10:54:56.377Z] : [react-plugin]: 
[info] [2024-08-13T10:54:56.378Z] : [react-plugin]:   Local:            http://localhost:3000/app/
[info] [2024-08-13T10:54:56.378Z] : [react-plugin]:   On Your Network:  http://192.168.17.35:3000/app/
[info] [2024-08-13T10:54:56.378Z] : [react-plugin]: 
[info] [2024-08-13T10:54:56.379Z] : [react-plugin]: Note that the development build is not optimized.
[info] [2024-08-13T10:54:56.379Z] : [react-plugin]: To create a production build, use npm run build.
[info] [2024-08-13T10:54:56.379Z] : [react-plugin]: 
[info] [2024-08-13T10:54:56.487Z] : [react-plugin]: Files successfully emitted, waiting for typecheck results...
[info] [2024-08-13T10:54:59.634Z] : [react-plugin]: Compiled successfully!
[info] [2024-08-13T10:54:59.635Z] : [react-plugin]: 
[info] [2024-08-13T10:54:59.636Z] : [react-plugin]: You can now view react-app in the browser.
[info] [2024-08-13T10:54:59.636Z] : [react-plugin]: 
[info] [2024-08-13T10:54:59.637Z] : [react-plugin]:   Local:            http://localhost:3000/app/
[info] [2024-08-13T10:54:59.638Z] : [react-plugin]:   On Your Network:  http://192.168.17.35:3000/app/
[info] [2024-08-13T10:54:59.638Z] : [react-plugin]: 
[info] [2024-08-13T10:54:59.638Z] : [react-plugin]: Note that the development build is not optimized.
[info] [2024-08-13T10:54:59.639Z] : [react-plugin]: To create a production build, use npm run build.
[info] [2024-08-13T10:54:59.639Z] : [react-plugin]: 
[info] [2024-08-13T10:54:59.764Z] : [react-plugin]: Files successfully emitted, waiting for typecheck results...
[info] [2024-08-13T10:54:59.785Z] : [react-plugin]: Compiled successfully!
[info] [2024-08-13T10:54:59.785Z] : [react-plugin]: 
[info] [2024-08-13T10:54:59.786Z] : [react-plugin]: You can now view react-app in the browser.
[info] [2024-08-13T10:54:59.786Z] : [react-plugin]: 
[info] [2024-08-13T10:54:59.787Z] : [react-plugin]:   Local:            http://localhost:3000/app/
[info] [2024-08-13T10:54:59.787Z] : [react-plugin]:   On Your Network:  http://192.168.17.35:3000/app/
[info] [2024-08-13T10:54:59.788Z] : [react-plugin]: 
[info] [2024-08-13T10:54:59.788Z] : [react-plugin]: Note that the development build is not optimized.
[info] [2024-08-13T10:54:59.788Z] : [react-plugin]: To create a production build, use npm run build.
[info] [2024-08-13T10:54:59.788Z] : [react-plugin]: 
[info] [2024-08-13T10:55:04.524Z] : [react-plugin]: Compiled successfully!
[info] [2024-08-13T10:55:04.525Z] : [react-plugin]: 
[info] [2024-08-13T10:55:04.525Z] : [react-plugin]: You can now view react-app in the browser.
[info] [2024-08-13T10:55:04.525Z] : [react-plugin]: 
[info] [2024-08-13T10:55:04.526Z] : [react-plugin]:   Local:            http://localhost:3000/app/
[info] [2024-08-13T10:55:04.526Z] : [react-plugin]:   On Your Network:  http://192.168.17.35:3000/app/
[info] [2024-08-13T10:55:04.527Z] : [react-plugin]: 
[info] [2024-08-13T10:55:04.527Z] : [react-plugin]: Note that the development build is not optimized.
[info] [2024-08-13T10:55:04.527Z] : [react-plugin]: To create a production build, use npm run build.
[info] [2024-08-13T10:55:04.528Z] : [react-plugin]: 
[info] [2024-08-13T10:55:04.648Z] : [react-plugin]: Files successfully emitted, waiting for typecheck results...
[info] [2024-08-13T10:55:04.663Z] : [react-plugin]: Compiled successfully!
[info] [2024-08-13T10:55:04.664Z] : [react-plugin]: 
[info] [2024-08-13T10:55:04.664Z] : [react-plugin]: You can now view react-app in the browser.
[info] [2024-08-13T10:55:04.664Z] : [react-plugin]: 
[info] [2024-08-13T10:55:04.665Z] : [react-plugin]:   Local:            http://localhost:3000/app/
[info] [2024-08-13T10:55:04.665Z] : [react-plugin]:   On Your Network:  http://192.168.17.35:3000/app/
[info] [2024-08-13T10:55:04.666Z] : [react-plugin]: 
[info] [2024-08-13T10:55:04.666Z] : [react-plugin]: Note that the development build is not optimized.
[info] [2024-08-13T10:55:04.667Z] : [react-plugin]: To create a production build, use npm run build.
[info] [2024-08-13T10:55:04.667Z] : [react-plugin]: 
[info] [2024-08-13T10:55:04.778Z] : [react-plugin]: Files successfully emitted, waiting for typecheck results...
[info] [2024-08-13T10:55:06.542Z] : [react-plugin]: Compiling...
[info] [2024-08-13T10:55:06.596Z] : [react-plugin]: Compiled successfully!
[info] [2024-08-13T10:55:06.596Z] : [react-plugin]: 
[info] [2024-08-13T10:55:06.597Z] : [react-plugin]: You can now view react-app in the browser.
[info] [2024-08-13T10:55:06.597Z] : [react-plugin]: 
[info] [2024-08-13T10:55:06.597Z] : [react-plugin]:   Local:            http://localhost:3000/app/
[info] [2024-08-13T10:55:06.598Z] : [react-plugin]:   On Your Network:  http://192.168.17.35:3000/app/
[info] [2024-08-13T10:55:06.598Z] : [react-plugin]: 
[info] [2024-08-13T10:55:06.599Z] : [react-plugin]: Note that the development build is not optimized.
[info] [2024-08-13T10:55:06.599Z] : [react-plugin]: To create a production build, use npm run build.
[info] [2024-08-13T10:55:06.599Z] : [react-plugin]: 
[info] [2024-08-13T10:55:13.191Z] : [react-plugin]: Compiled successfully!
[info] [2024-08-13T10:55:13.192Z] : [react-plugin]: 
[info] [2024-08-13T10:55:13.192Z] : [react-plugin]: You can now view react-app in the browser.
[info] [2024-08-13T10:55:13.193Z] : [react-plugin]: 
[info] [2024-08-13T10:55:13.194Z] : [react-plugin]:   Local:            http://localhost:3000/app/
[info] [2024-08-13T10:55:13.197Z] : [react-plugin]:   On Your Network:  http://192.168.17.35:3000/app/
[info] [2024-08-13T10:55:13.198Z] : [react-plugin]: 
[info] [2024-08-13T10:55:13.198Z] : [react-plugin]: Note that the development build is not optimized.
[info] [2024-08-13T10:55:13.199Z] : [react-plugin]: To create a production build, use npm run build.
[info] [2024-08-13T10:55:13.199Z] : [react-plugin]: 
[info] [2024-08-13T10:55:13.328Z] : [react-plugin]: Compiled successfully!
[info] [2024-08-13T10:55:13.329Z] : [react-plugin]: 
[info] [2024-08-13T10:55:13.329Z] : [react-plugin]: You can now view react-app in the browser.
[info] [2024-08-13T10:55:13.330Z] : [react-plugin]: 
[info] [2024-08-13T10:55:13.330Z] : [react-plugin]:   Local:            http://localhost:3000/app/
[info] [2024-08-13T10:55:13.331Z] : [react-plugin]:   On Your Network:  http://192.168.17.35:3000/app/
[info] [2024-08-13T10:55:13.331Z] : [react-plugin]: 
[info] [2024-08-13T10:55:13.332Z] : [react-plugin]: Note that the development build is not optimized.
[info] [2024-08-13T10:55:13.332Z] : [react-plugin]: To create a production build, use npm run build.
[info] [2024-08-13T10:55:13.332Z] : [react-plugin]: 
[info] [2024-08-13T10:56:11.710Z] : [react-plugin]: Compiling...
[info] [2024-08-13T10:56:11.781Z] : [react-plugin]: Compiled successfully!
[info] [2024-08-13T10:56:11.781Z] : [react-plugin]: 
[info] [2024-08-13T10:56:11.782Z] : [react-plugin]: You can now view react-app in the browser.
[info] [2024-08-13T10:56:11.782Z] : [react-plugin]: 
[info] [2024-08-13T10:56:11.783Z] : [react-plugin]:   Local:            http://localhost:3000/app/
[info] [2024-08-13T10:56:11.783Z] : [react-plugin]:   On Your Network:  http://192.168.17.35:3000/app/
[info] [2024-08-13T10:56:11.784Z] : [react-plugin]: 
[info] [2024-08-13T10:56:11.784Z] : [react-plugin]: Note that the development build is not optimized.
[info] [2024-08-13T10:56:11.784Z] : [react-plugin]: To create a production build, use npm run build.
[info] [2024-08-13T10:56:11.785Z] : [react-plugin]: 
[info] [2024-08-13T10:56:11.897Z] : [react-plugin]: Files successfully emitted, waiting for typecheck results...
[info] [2024-08-13T10:57:04.389Z] : [react-plugin]: Compiling...
[info] [2024-08-13T10:57:04.828Z] : [react-plugin]: Compiled successfully!
[info] [2024-08-13T10:57:04.829Z] : [react-plugin]: 
[info] [2024-08-13T10:57:04.830Z] : [react-plugin]: You can now view react-app in the browser.
[info] [2024-08-13T10:57:04.830Z] : [react-plugin]: 
[info] [2024-08-13T10:57:04.831Z] : [react-plugin]:   Local:            http://localhost:3000/app/
[info] [2024-08-13T10:57:04.832Z] : [react-plugin]:   On Your Network:  http://192.168.17.35:3000/app/
[info] [2024-08-13T10:57:04.832Z] : [react-plugin]: 
[info] [2024-08-13T10:57:04.833Z] : [react-plugin]: Note that the development build is not optimized.
[info] [2024-08-13T10:57:04.833Z] : [react-plugin]: To create a production build, use npm run build.
[info] [2024-08-13T10:57:04.834Z] : [react-plugin]: 
[info] [2024-08-13T10:57:26.550Z] : [react-plugin]: Compiling...
[info] [2024-08-13T10:57:32.331Z] : [react-plugin]: Failed to compile.

[info] [2024-08-13T10:57:32.331Z] : [react-plugin]: Module not found: Error: Can't resolve '@mui/icons-material/Menu' in 'D:\catalyst_service_desk\react-app\src\components\layout\horizontal'
[info] [2024-08-13T10:58:18.090Z] : [react-plugin]: Compiling...
[info] [2024-08-13T10:58:18.240Z] : [react-plugin]: Failed to compile.

[info] [2024-08-13T10:58:18.240Z] : [react-plugin]: Module not found: Error: Can't resolve '@mui/icons-material/Menu' in 'D:\catalyst_service_desk\react-app\src\components\layout\horizontal'
[info] [2024-08-13T10:59:18.959Z] : [react-plugin]: Compiling...
[info] [2024-08-13T10:59:19.706Z] : [react-plugin]: Compiled successfully!
[info] [2024-08-13T10:59:19.707Z] : [react-plugin]: 
[info] [2024-08-13T10:59:19.707Z] : [react-plugin]: You can now view react-app in the browser.
[info] [2024-08-13T10:59:19.707Z] : [react-plugin]: 
[info] [2024-08-13T10:59:19.708Z] : [react-plugin]:   Local:            http://localhost:3000/app/
[info] [2024-08-13T10:59:19.708Z] : [react-plugin]:   On Your Network:  http://192.168.17.35:3000/app/
[info] [2024-08-13T10:59:19.709Z] : [react-plugin]: 
[info] [2024-08-13T10:59:19.709Z] : [react-plugin]: Note that the development build is not optimized.
[info] [2024-08-13T10:59:19.709Z] : [react-plugin]: To create a production build, use npm run build.
[info] [2024-08-13T10:59:19.709Z] : [react-plugin]: 
[info] [2024-08-13T11:00:38.170Z] : Shutting down server
[info] [2024-08-13T11:00:38.246Z] : 
[info] [2024-08-13T11:00:38.247Z] : √ Shutdown complete
[debug] [2024-08-13T11:00:38.247Z] : NO ERRORS REGISTERED
[debug] [2024-08-13T11:00:38.247Z] : EXEC ENDED with event: serve, message: success
[debug] [2024-08-13T11:00:38.247Z] : TOTAL DURATION OF COMMAND EXEC : 1077971
[debug] [2024-08-13T11:00:38.274Z] : >>>> HTTP REQUEST : POST https://api.catalyst.zoho.com/baas/v1/cli/logs 
<request body omitted>

[debug] [2024-08-13T11:00:40.917Z] : <<<< HTTP RESPONSE : 400
Response Headers: {"server":"ZGS","date":"Tue, 13 Aug 2024 11:00:40 GMT","content-type":"application/json;charset=ISO-8859-1","content-length":"147","connection":"close","set-cookie":["zalb_46512fd555=bbdfb771565421abbe10f7a180903d28; Path=/","ZD_CSRF_TOKEN=fef0599a-615e-4e46-ab0b-039492e78fcf;path=/;SameSite=None;Secure;priority=high","_zcsr_tmp=fef0599a-615e-4e46-ab0b-039492e78fcf;path=/;SameSite=Strict;Secure;priority=high","JSESSIONID=F49559BBDB9A71DD169A8ACD76303B55; Path=/; Secure; HttpOnly"],"x-content-type-options":"nosniff","x-xss-protection":"1","x-frame-options":"DENY","strict-transport-security":"max-age=63072000"}

[debug] [2024-08-13T11:00:40.919Z] : Response Body : {"status":"failure","data":{"error_code":"INPUT_SIZE_MORE_THAN_ALLOWED","message":"Please check if the size of the input is in the correct range"}}

[debug] [2024-08-13T11:00:40.921Z] : Unable to send debug log to server: HTTP Error: 400, Please check if the size of the input is in the correct range
[debug] [2024-08-13T11:03:49.033Z] : 
[debug] [2024-08-13T11:03:49.034Z] : ----------------------------------------------------------------------
[debug] [2024-08-13T11:03:49.034Z] : Command:      C:\laragon\bin\nodejs\node-v18\node.exe C:\laragon\bin\nodejs\node-v18\node_modules\zcatalyst-cli\lib\bin\catalyst.js serve
[debug] [2024-08-13T11:03:49.035Z] : CLI Version:  1.17.6
[debug] [2024-08-13T11:03:49.035Z] : Platform:     win32
[debug] [2024-08-13T11:03:49.035Z] : Node Version: v18.8.0
[debug] [2024-08-13T11:03:49.037Z] : Time:         Tue Aug 13 2024 18:03:49 GMT+0700 (Indochina Time)
[debug] [2024-08-13T11:03:49.037Z] : ----------------------------------------------------------------------
[debug] [2024-08-13T11:03:49.037Z] : 
[debug] [2024-08-13T11:03:50.046Z] : > authorizing via signed-in user option
[debug] [2024-08-13T11:03:50.047Z] : > command requires scopes: ["ZohoCatalyst.projects.ALL","ZohoCatalyst.functions.ALL","ZohoCatalyst.functions.EXECUTE","ZohoCatalyst.webapp.ALL","ZohoCatalyst.pdfshot.execute","ZohoCatalyst.authentication.CREATE"]
[debug] [2024-08-13T11:03:50.069Z] : >>>> HTTP REQUEST : GET https://api.catalyst.zoho.com/baas/v1/project/23219000000012009 

[debug] [2024-08-13T11:03:50.677Z] : <<<< HTTP RESPONSE : 200
Response Headers: {"server":"ZGS","date":"Tue, 13 Aug 2024 11:03:50 GMT","content-type":"application/vnd.catalyst.v2+json","transfer-encoding":"chunked","connection":"close","set-cookie":["zalb_46512fd555=63dd9cf89a6678b816d9580ec827ee61; Path=/","ZD_CSRF_TOKEN=cae2afe4-44a8-4107-968e-d9c62e364f3a;path=/;SameSite=None;Secure;priority=high","_zcsr_tmp=cae2afe4-44a8-4107-968e-d9c62e364f3a;path=/;SameSite=Strict;Secure;priority=high"],"x-content-type-options":"nosniff","x-xss-protection":"1","cache-control":"private,no-cache,no-store,max-age=0,must-revalidate","pragma":"no-cache","expires":"Thu, 01 Jan 1970 00:00:00 GMT","x-frame-options":"DENY","strict-transport-security":"max-age=63072000"}

[debug] [2024-08-13T11:03:50.680Z] : >>>> HTTP REQUEST : GET https://api.catalyst.zoho.com/baas/v1/project/23219000000012009/environment 

[debug] [2024-08-13T11:03:51.259Z] : <<<< HTTP RESPONSE : 200
Response Headers: {"server":"ZGS","date":"Tue, 13 Aug 2024 11:03:51 GMT","content-type":"application/vnd.catalyst.v2+json","transfer-encoding":"chunked","connection":"close","set-cookie":["zalb_46512fd555=bbdfb771565421abbe10f7a180903d28; Path=/","ZD_CSRF_TOKEN=23833c6e-e6e2-4ffc-a6a0-4333af89d6c4;path=/;SameSite=None;Secure;priority=high","_zcsr_tmp=23833c6e-e6e2-4ffc-a6a0-4333af89d6c4;path=/;SameSite=Strict;Secure;priority=high"],"x-content-type-options":"nosniff","x-xss-protection":"1","cache-control":"private,no-cache,no-store,max-age=0,must-revalidate","pragma":"no-cache","expires":"Thu, 01 Jan 1970 00:00:00 GMT","x-frame-options":"DENY","strict-transport-security":"max-age=63072000"}

[debug] [2024-08-13T11:03:51.572Z] : >>>> HTTP REQUEST : GET https://api.catalyst.zoho.com/baas/v1/project/23219000000012009/function 
Query params: {"type":"basicio,event,cron,applogic,integration,browser_logic"}

[debug] [2024-08-13T11:03:53.197Z] : <<<< HTTP RESPONSE : 200
Response Headers: {"server":"ZGS","date":"Tue, 13 Aug 2024 11:03:53 GMT","content-type":"application/vnd.catalyst.v2+json","transfer-encoding":"chunked","connection":"close","set-cookie":["zalb_46512fd555=4ead9897700827f973c0f7dbded7f673; Path=/","ZD_CSRF_TOKEN=0670ea18-e1bd-42c4-ba4d-0decd0fa48d9;path=/;SameSite=None;Secure;priority=high","_zcsr_tmp=0670ea18-e1bd-42c4-ba4d-0decd0fa48d9;path=/;SameSite=Strict;Secure;priority=high"],"x-content-type-options":"nosniff","x-xss-protection":"1","cache-control":"private,no-cache,no-store,max-age=0,must-revalidate","pragma":"no-cache","expires":"Thu, 01 Jan 1970 00:00:00 GMT","x-frame-options":"DENY","strict-transport-security":"max-age=63072000"}

[debug] [2024-08-13T11:03:53.224Z] : unknown eol undefined hence skipping check
[info] [2024-08-13T11:04:19.204Z] : [react-plugin]: Starting the development server...

[info] [2024-08-13T11:04:19.206Z] : 
[info] [2024-08-13T11:04:19.207Z] : i Client[react-app]: Plugin : "zcatalyst-cli-plugin-react" is used for client serve
[info] [2024-08-13T11:04:19.208Z] : 
[info] [2024-08-13T11:04:29.910Z] : 
[info] [2024-08-13T11:04:29.910Z] :  >>>>>>>>>>>>> AdvancedIO <<<<<<<<<<<< 
[info] [2024-08-13T11:04:29.911Z] : i todo_list_advanced_function: http://localhost:3000/server/todo_list_advanced_function/
[info] [2024-08-13T11:04:29.911Z] : 
[info] [2024-08-13T11:04:29.911Z] : 
[info] [2024-08-13T11:04:29.912Z] :  >>>>>>>>>>>>> Web Client <<<<<<<<<<<<
[info] [2024-08-13T11:04:29.912Z] : i client[react-app]: http://localhost:3000/app/
[info] [2024-08-13T11:04:29.912Z] : 
[info] [2024-08-13T11:04:34.026Z] : [react-plugin]: Compiled successfully!
[info] [2024-08-13T11:04:34.027Z] : [react-plugin]: 
[info] [2024-08-13T11:04:34.028Z] : [react-plugin]: You can now view react-app in the browser.
[info] [2024-08-13T11:04:34.029Z] : [react-plugin]: 
[info] [2024-08-13T11:04:34.030Z] : [react-plugin]:   Local:            http://localhost:3000/app/
[info] [2024-08-13T11:04:34.030Z] : [react-plugin]:   On Your Network:  http://192.168.17.35:3000/app/
[info] [2024-08-13T11:04:34.030Z] : [react-plugin]: 
[info] [2024-08-13T11:04:34.031Z] : [react-plugin]: Note that the development build is not optimized.
[info] [2024-08-13T11:04:34.031Z] : [react-plugin]: To create a production build, use npm run build.
[info] [2024-08-13T11:04:34.032Z] : [react-plugin]: 
[info] [2024-08-13T11:04:34.287Z] : [react-plugin]: Files successfully emitted, waiting for typecheck results...
[info] [2024-08-13T11:06:00.467Z] : [react-plugin]: Compiling...
[info] [2024-08-13T11:06:20.154Z] : [react-plugin]: Compiled successfully!
[info] [2024-08-13T11:06:20.154Z] : [react-plugin]: 
[info] [2024-08-13T11:06:20.154Z] : [react-plugin]: You can now view react-app in the browser.
[info] [2024-08-13T11:06:20.155Z] : [react-plugin]: 
[info] [2024-08-13T11:06:20.155Z] : [react-plugin]:   Local:            http://localhost:3000/app/
[info] [2024-08-13T11:06:20.156Z] : [react-plugin]:   On Your Network:  http://192.168.17.35:3000/app/
[info] [2024-08-13T11:06:20.156Z] : [react-plugin]: 
[info] [2024-08-13T11:06:20.156Z] : [react-plugin]: Note that the development build is not optimized.
[info] [2024-08-13T11:06:20.156Z] : [react-plugin]: To create a production build, use npm run build.
[info] [2024-08-13T11:06:20.157Z] : [react-plugin]: 
[info] [2024-08-13T11:06:20.186Z] : [react-plugin]: Compiling...
[info] [2024-08-13T11:06:20.400Z] : [react-plugin]: Compiled successfully!
[info] [2024-08-13T11:06:20.400Z] : [react-plugin]: 
[info] [2024-08-13T11:06:20.401Z] : [react-plugin]: You can now view react-app in the browser.
[info] [2024-08-13T11:06:20.401Z] : [react-plugin]: 
[info] [2024-08-13T11:06:20.402Z] : [react-plugin]:   Local:            http://localhost:3000/app/
[info] [2024-08-13T11:06:20.402Z] : [react-plugin]:   On Your Network:  http://192.168.17.35:3000/app/
[info] [2024-08-13T11:06:20.402Z] : [react-plugin]: 
[info] [2024-08-13T11:06:20.402Z] : [react-plugin]: Note that the development build is not optimized.
[info] [2024-08-13T11:06:20.403Z] : [react-plugin]: To create a production build, use npm run build.
[info] [2024-08-13T11:06:20.403Z] : [react-plugin]: 
[info] [2024-08-13T13:25:26.857Z] : Shutting down server
[debug] [2024-08-13T13:25:26.871Z] : Error while deleting directory  [Error: EBUSY: resource busy or locked, rmdir 'D:\catalyst_service_desk\.build\functions\todo_list_advanced_function'] {
  errno: -4082,
  code: 'EBUSY',
  syscall: 'rmdir',
  path: 'D:\\catalyst_service_desk\\.build\\functions\\todo_list_advanced_function'
}
[info] [2024-08-13T13:25:26.871Z] : 
[info] [2024-08-13T13:25:26.872Z] : √ Shutdown complete
[debug] [2024-08-13T13:25:26.872Z] : NO ERRORS REGISTERED
[debug] [2024-08-13T13:25:26.873Z] : EXEC ENDED with event: serve, message: success
[debug] [2024-08-13T13:25:26.873Z] : TOTAL DURATION OF COMMAND EXEC : 8496865
[debug] [2024-08-13T13:25:26.956Z] : > refreshing access token <
[debug] [2024-08-13T13:25:26.958Z] : >>>> HTTP REQUEST : POST https://accounts.zoho.com/oauth/v2/token 
<request body omitted>

[debug] [2024-08-13T13:25:27.731Z] : <<<< HTTP RESPONSE : 200
Response Headers: {"server":"ZGS","date":"Tue, 13 Aug 2024 13:25:26 GMT","content-type":"application/json;charset=UTF-8","content-length":"1980","connection":"close","set-cookie":["zalb_b266a5bf57=a7f15cb1555106de5ac96d088b72e7c8; Path=/","iamcsr=f979a2f2-e8d8-46ac-a0cf-ccc80bbc41ea;path=/;SameSite=None;Secure;priority=high","_zcsr_tmp=f979a2f2-e8d8-46ac-a0cf-ccc80bbc41ea;path=/;SameSite=Strict;Secure;priority=high"],"cache-control":"no-store","x-content-type-options":"nosniff","pragma":"no-cache","x-frame-options":"SAMEORIGIN","vary":"accept-encoding","content-language":"en-US","strict-transport-security":"max-age=63072000"}

[debug] [2024-08-13T13:25:29.850Z] : >>>> HTTP REQUEST : POST https://api.catalyst.zoho.com/baas/v1/cli/logs 
<request body omitted>

[debug] [2024-08-13T13:25:33.517Z] : <<<< HTTP RESPONSE : 400
Response Headers: {"server":"ZGS","date":"Tue, 13 Aug 2024 13:25:32 GMT","content-type":"application/json;charset=ISO-8859-1","content-length":"147","connection":"close","set-cookie":["zalb_46512fd555=c3d5ec374d3dc932973a3d50f55d8d00; Path=/","ZD_CSRF_TOKEN=c3fb6e38-0b60-4e4a-a404-57327e3e92a5;path=/;SameSite=None;Secure;priority=high","_zcsr_tmp=c3fb6e38-0b60-4e4a-a404-57327e3e92a5;path=/;SameSite=Strict;Secure;priority=high","JSESSIONID=63E077F7B497733F44104E4722542A64; Path=/; Secure; HttpOnly"],"x-content-type-options":"nosniff","x-xss-protection":"1","x-frame-options":"DENY","strict-transport-security":"max-age=63072000"}

[debug] [2024-08-13T13:25:33.518Z] : Response Body : {"status":"failure","data":{"error_code":"INPUT_SIZE_MORE_THAN_ALLOWED","message":"Please check if the size of the input is in the correct range"}}

[debug] [2024-08-13T13:25:33.519Z] : Unable to send debug log to server: HTTP Error: 400, Please check if the size of the input is in the correct range
